INSERT INTO Passengers(PassengerID, Name, Sex, Age, Sibsp, Parch) VALUES (807, 'Mr. Thomas Jr Andrews', 'male', 39, 0, 0);
INSERT INTO Tickets(Ticket, Fare, Cabin, Embarked, Pclass, Name, PassengerID) VALUES ('112050', 0, 'A36', 'S', 1, 'Mr. Thomas Jr Andrews', 807);
INSERT INTO Survival(PassengerID, Name, Survived) VALUES ('807','Mr. Thomas Jr Andrews', 0);
INSERT INTO Passengers(PassengerID, Name, Sex, Age, Sibsp, Parch) VALUES (264, 'Mr. William Harrison', 'male', 40, 0, 0);
INSERT INTO Tickets(Ticket, Fare, Cabin, Embarked, Pclass, Name, PassengerID) VALUES ('112059', 0, 'B94', 'S', 1, 'Mr. William Harrison', 264);
INSERT INTO Survival(PassengerID, Name, Survived) VALUES ('264','Mr. William Harrison', 0);
INSERT INTO Passengers(PassengerID, Name, Sex, Age, Sibsp, Parch) VALUES (873, 'Mr. Frans Olof Carlsson', 'male', 33, 0, 0);
INSERT INTO Tickets(Ticket, Fare, Cabin, Embarked, Pclass, Name, PassengerID) VALUES ('695', 5, 'B51 B53 B55', 'S', 1, 'Mr. Frans Olof Carlsson', 873);
INSERT INTO Survival(PassengerID, Name, Survived) VALUES ('873','Mr. Frans Olof Carlsson', 0);
INSERT INTO Passengers(PassengerID, Name, Sex, Age, Sibsp, Parch) VALUES (700, 'Mr. Adolf Mathias Nicolai Olsen Humblen', 'male', 42, 0, 0);
INSERT INTO Tickets(Ticket, Fare, Cabin, Embarked, Pclass, Name, PassengerID) VALUES ('348121', 7.65, 'F G63', 'S', 3, 'Mr. Adolf Mathias Nicolai Olsen Humblen', 700);
INSERT INTO Survival(PassengerID, Name, Survived) VALUES ('700','Mr. Adolf Mathias Nicolai Olsen Humblen', 0);
INSERT INTO Passengers(PassengerID, Name, Sex, Age, Sibsp, Parch) VALUES (76, 'Mr. Sigurd Hansen Moen', 'male', 25, 0, 0);
INSERT INTO Tickets(Ticket, Fare, Cabin, Embarked, Pclass, Name, PassengerID) VALUES ('348123', 7.65, 'F G73', 'S', 3, 'Mr. Sigurd Hansen Moen', 76);
INSERT INTO Survival(PassengerID, Name, Survived) VALUES ('76','Mr. Sigurd Hansen Moen', 0);
INSERT INTO Passengers(PassengerID, Name, Sex, Age, Sibsp, Parch) VALUES (716, 'Mr. Peter Andreas Lauritz Andersen Soholt', 'male', 19, 0, 0);
INSERT INTO Tickets(Ticket, Fare, Cabin, Embarked, Pclass, Name, PassengerID) VALUES ('348124', 7.65, 'F G73', 'S', 3, 'Mr. Peter Andreas Lauritz Andersen Soholt', 716);
INSERT INTO Survival(PassengerID, Name, Survived) VALUES ('716','Mr. Peter Andreas Lauritz Andersen Soholt', 0);
INSERT INTO Passengers(PassengerID, Name, Sex, Age, Sibsp, Parch) VALUES (430, 'Mr. Berk (Berk Trembisky) Pickard', 'male', 32, 0, 0);
INSERT INTO Tickets(Ticket, Fare, Cabin, Embarked, Pclass, Name, PassengerID) VALUES ('SOTON/O.Q. 392078', 8.05, 'E10', 'S', 3, 'Mr. Berk (Berk Trembisky) Pickard', 430);
INSERT INTO Survival(PassengerID, Name, Survived) VALUES ('430','Mr. Berk (Berk Trembisky) Pickard', 1);
INSERT INTO Passengers(PassengerID, Name, Sex, Age, Sibsp, Parch) VALUES (206, 'Miss. Telma Matilda Strom', 'female', 2, 0, 1);
INSERT INTO Tickets(Ticket, Fare, Cabin, Embarked, Pclass, Name, PassengerID) VALUES ('347054', 10.4625, 'G6', 'S', 3, 'Miss. Telma Matilda Strom', 206);
INSERT INTO Survival(PassengerID, Name, Survived) VALUES ('206','Miss. Telma Matilda Strom', 0);
INSERT INTO Passengers(PassengerID, Name, Sex, Age, Sibsp, Parch) VALUES (252, 'Mrs. Wilhelm (Elna Matilda Persson) Strom', 'female', 29, 1, 1);
INSERT INTO Tickets(Ticket, Fare, Cabin, Embarked, Pclass, Name, PassengerID) VALUES ('347054', 10.4625, 'G6', 'S', 3, 'Mrs. Wilhelm (Elna Matilda Persson) Strom', 252);
INSERT INTO Survival(PassengerID, Name, Survived) VALUES ('252','Mrs. Wilhelm (Elna Matilda Persson) Strom', 0);
INSERT INTO Passengers(PassengerID, Name, Sex, Age, Sibsp, Parch) VALUES (718, 'Miss. Edwina Celia Winnie Troutt', 'female', 27, 0, 0);
INSERT INTO Tickets(Ticket, Fare, Cabin, Embarked, Pclass, Name, PassengerID) VALUES ('34218', 10.5, 'E101', 'S', 2, 'Miss. Edwina Celia Winnie Troutt', 718);
INSERT INTO Survival(PassengerID, Name, Survived) VALUES ('718','Miss. Edwina Celia Winnie Troutt', 1);
INSERT INTO Passengers(PassengerID, Name, Sex, Age, Sibsp, Parch) VALUES (67, 'Mrs. (Elizabeth Ramell) Nye', 'female', 29, 0, 0);
INSERT INTO Tickets(Ticket, Fare, Cabin, Embarked, Pclass, Name, PassengerID) VALUES ('C.A. 29395', 10.5, 'F33', 'S', 2, 'Mrs. (Elizabeth Ramell) Nye', 67);
INSERT INTO Survival(PassengerID, Name, Survived) VALUES ('67','Mrs. (Elizabeth Ramell) Nye', 1);
INSERT INTO Passengers(PassengerID, Name, Sex, Age, Sibsp, Parch) VALUES (517, 'Mrs. (Amelia Milley) Lemore', 'female', 34, 0, 0);
INSERT INTO Tickets(Ticket, Fare, Cabin, Embarked, Pclass, Name, PassengerID) VALUES ('C.A. 34260', 10.5, 'F33', 'S', 2, 'Mrs. (Amelia Milley) Lemore', 517);
INSERT INTO Survival(PassengerID, Name, Survived) VALUES ('517','Mrs. (Amelia Milley) Lemore', 1);
INSERT INTO Passengers(PassengerID, Name, Sex, Age, Sibsp, Parch) VALUES (773, 'Mrs. (Mary) Mack', 'female', 57, 0, 0);
INSERT INTO Tickets(Ticket, Fare, Cabin, Embarked, Pclass, Name, PassengerID) VALUES ('S.O./P.P. 3', 10.5, 'E77', 'S', 2, 'Mrs. (Mary) Mack', 773);
INSERT INTO Survival(PassengerID, Name, Survived) VALUES ('773','Mrs. (Mary) Mack', 0);
INSERT INTO Passengers(PassengerID, Name, Sex, Age, Sibsp, Parch) VALUES (752, 'Master. Meier Moor', 'male', 6, 0, 1);
INSERT INTO Tickets(Ticket, Fare, Cabin, Embarked, Pclass, Name, PassengerID) VALUES ('392096', 12.475, 'E121', 'S', 3, 'Master. Meier Moor', 752);
INSERT INTO Survival(PassengerID, Name, Survived) VALUES ('752','Master. Meier Moor', 1);
INSERT INTO Passengers(PassengerID, Name, Sex, Age, Sibsp, Parch) VALUES (824, 'Mrs. (Beila) Moor', 'female', 27, 0, 1);
INSERT INTO Tickets(Ticket, Fare, Cabin, Embarked, Pclass, Name, PassengerID) VALUES ('392096', 12.475, 'E121', 'S', 3, 'Mrs. (Beila) Moor', 824);
INSERT INTO Survival(PassengerID, Name, Survived) VALUES ('824','Mrs. (Beila) Moor', 1);
INSERT INTO Passengers(PassengerID, Name, Sex, Age, Sibsp, Parch) VALUES (293, 'Mr. Rene Jacques Levy', 'male', 36, 0, 0);
INSERT INTO Tickets(Ticket, Fare, Cabin, Embarked, Pclass, Name, PassengerID) VALUES ('SC/Paris 2163', 12.875, 'D', 'C', 2, 'Mr. Rene Jacques Levy', 293);
INSERT INTO Survival(PassengerID, Name, Survived) VALUES ('293','Mr. Rene Jacques Levy', 0);
INSERT INTO Passengers(PassengerID, Name, Sex, Age, Sibsp, Parch) VALUES (124, 'Miss. Susan Webber', 'female', 32.5, 0, 0);
INSERT INTO Tickets(Ticket, Fare, Cabin, Embarked, Pclass, Name, PassengerID) VALUES ('27267', 13, 'E101', 'S', 2, 'Miss. Susan Webber', 124);
INSERT INTO Survival(PassengerID, Name, Survived) VALUES ('124','Miss. Susan Webber', 1);
INSERT INTO Passengers(PassengerID, Name, Sex, Age, Sibsp, Parch) VALUES (328, 'Mrs. (Ada E Hall) Ball', 'female', 36, 0, 0);
INSERT INTO Tickets(Ticket, Fare, Cabin, Embarked, Pclass, Name, PassengerID) VALUES ('28551', 13, 'D', 'S', 2, 'Mrs. (Ada E Hall) Ball', 328);
INSERT INTO Survival(PassengerID, Name, Survived) VALUES ('328','Mrs. (Ada E Hall) Ball', 1);
INSERT INTO Passengers(PassengerID, Name, Sex, Age, Sibsp, Parch) VALUES (22, 'Mr. Lawrence Beesley', 'male', 34, 0, 0);
INSERT INTO Tickets(Ticket, Fare, Cabin, Embarked, Pclass, Name, PassengerID) VALUES ('248698', 13, 'D56', 'S', 2, 'Mr. Lawrence Beesley', 22);
INSERT INTO Survival(PassengerID, Name, Survived) VALUES ('22','Mr. Lawrence Beesley', 1);
INSERT INTO Passengers(PassengerID, Name, Sex, Age, Sibsp, Parch) VALUES (346, 'Miss. Amelia Mildred Brown', 'female', 24, 0, 0);
INSERT INTO Tickets(Ticket, Fare, Cabin, Embarked, Pclass, Name, PassengerID) VALUES ('248733', 13, 'F33', 'S', 2, 'Miss. Amelia Mildred Brown', 346);
INSERT INTO Survival(PassengerID, Name, Survived) VALUES ('346','Miss. Amelia Mildred Brown', 1);
INSERT INTO Passengers(PassengerID, Name, Sex, Age, Sibsp, Parch) VALUES (474, 'Mrs. Amin S (Marie Marthe Thuillard) Jerwan', 'female', 23, 0, 0);
INSERT INTO Tickets(Ticket, Fare, Cabin, Embarked, Pclass, Name, PassengerID) VALUES ('SC/AH Basle 541', 13.7917, 'D', 'C', 2, 'Mrs. Amin S (Marie Marthe Thuillard) Jerwan', 474);
INSERT INTO Survival(PassengerID, Name, Survived) VALUES ('474','Mrs. Amin S (Marie Marthe Thuillard) Jerwan', 1);
INSERT INTO Passengers(PassengerID, Name, Sex, Age, Sibsp, Parch) VALUES (11, 'Miss. Marguerite Rut Sandstrom', 'female', 4, 1, 1);
INSERT INTO Tickets(Ticket, Fare, Cabin, Embarked, Pclass, Name, PassengerID) VALUES ('PP 9549', 16.7, 'G6', 'S', 3, 'Miss. Marguerite Rut Sandstrom', 11);
INSERT INTO Survival(PassengerID, Name, Survived) VALUES ('11','Miss. Marguerite Rut Sandstrom', 1);
INSERT INTO Passengers(PassengerID, Name, Sex, Age, Sibsp, Parch) VALUES (395, 'Mrs. Hjalmar (Agnes Charlotta Bengtsson) Sandstrom', 'female', 24, 0, 2);
INSERT INTO Tickets(Ticket, Fare, Cabin, Embarked, Pclass, Name, PassengerID) VALUES ('PP 9549', 16.7, 'G6', 'S', 3, 'Mrs. Hjalmar (Agnes Charlotta Bengtsson) Sandstrom', 395);
INSERT INTO Survival(PassengerID, Name, Survived) VALUES ('395','Mrs. Hjalmar (Agnes Charlotta Bengtsson) Sandstrom', 1);
INSERT INTO Passengers(PassengerID, Name, Sex, Age, Sibsp, Parch) VALUES (663, 'Mr. Edward Pomeroy Colley', 'male', 47, 0, 0);
INSERT INTO Tickets(Ticket, Fare, Cabin, Embarked, Pclass, Name, PassengerID) VALUES ('5727', 25.5875, 'E58', 'S', 1, 'Mr. Edward Pomeroy Colley', 663);
INSERT INTO Survival(PassengerID, Name, Survived) VALUES ('663','Mr. Edward Pomeroy Colley', 0);
INSERT INTO Passengers(PassengerID, Name, Sex, Age, Sibsp, Parch) VALUES (797, 'Dr. Alice (Farnham) Leader', 'female', 49, 0, 0);
INSERT INTO Tickets(Ticket, Fare, Cabin, Embarked, Pclass, Name, PassengerID) VALUES ('17465', 25.9292, 'D17', 'S', 1, 'Dr. Alice (Farnham) Leader', 797);
INSERT INTO Survival(PassengerID, Name, Survived) VALUES ('797','Dr. Alice (Farnham) Leader', 1);
INSERT INTO Passengers(PassengerID, Name, Sex, Age, Sibsp, Parch) VALUES (863, 'Mrs. Frederick Joel (Margaret Welles Barron) Swift', 'female', 48, 0, 0);
INSERT INTO Tickets(Ticket, Fare, Cabin, Embarked, Pclass, Name, PassengerID) VALUES ('17466', 25.9292, 'D17', 'S', 1, 'Mrs. Frederick Joel (Margaret Welles Barron) Swift', 863);
INSERT INTO Survival(PassengerID, Name, Survived) VALUES ('863','Mrs. Frederick Joel (Margaret Welles Barron) Swift', 1);
INSERT INTO Passengers(PassengerID, Name, Sex, Age, Sibsp, Parch) VALUES (341, 'Master. Edmond Roger Navratil', 'male', 2, 1, 1);
INSERT INTO Tickets(Ticket, Fare, Cabin, Embarked, Pclass, Name, PassengerID) VALUES ('230080', 26, 'F2', 'S', 2, 'Master. Edmond Roger Navratil', 341);
INSERT INTO Survival(PassengerID, Name, Survived) VALUES ('341','Master. Edmond Roger Navratil', 1);
INSERT INTO Passengers(PassengerID, Name, Sex, Age, Sibsp, Parch) VALUES (194, 'Master. Michel M Navratil', 'male', 3, 1, 1);
INSERT INTO Tickets(Ticket, Fare, Cabin, Embarked, Pclass, Name, PassengerID) VALUES ('230080', 26, 'F2', 'S', 2, 'Master. Michel M Navratil', 194);
INSERT INTO Survival(PassengerID, Name, Survived) VALUES ('194','Master. Michel M Navratil', 1);
INSERT INTO Passengers(PassengerID, Name, Sex, Age, Sibsp, Parch) VALUES (149, 'Mr. Michel (Louis M Hoffman) Navratil', 'male', 36.5, 0, 2);
INSERT INTO Tickets(Ticket, Fare, Cabin, Embarked, Pclass, Name, PassengerID) VALUES ('230080', 26, 'F2', 'S', 2, 'Mr. Michel (Louis M Hoffman) Navratil', 149);
INSERT INTO Survival(PassengerID, Name, Survived) VALUES ('149','Mr. Michel (Louis M Hoffman) Navratil', 0);
INSERT INTO Passengers(PassengerID, Name, Sex, Age, Sibsp, Parch) VALUES (137, 'Miss. Helen Monypeny Newsom', 'female', 19, 0, 2);
INSERT INTO Tickets(Ticket, Fare, Cabin, Embarked, Pclass, Name, PassengerID) VALUES ('11752', 26.2833, 'D47', 'S', 1, 'Miss. Helen Monypeny Newsom', 137);
INSERT INTO Survival(PassengerID, Name, Survived) VALUES ('137','Miss. Helen Monypeny Newsom', 1);
INSERT INTO Passengers(PassengerID, Name, Sex, Age, Sibsp, Parch) VALUES (513, 'Mr. James Robert McGough', 'male', 36, 0, 0);
INSERT INTO Tickets(Ticket, Fare, Cabin, Embarked, Pclass, Name, PassengerID) VALUES ('PC 17473', 26.2875, 'E25', 'S', 1, 'Mr. James Robert McGough', 513);
INSERT INTO Survival(PassengerID, Name, Survived) VALUES ('513','Mr. James Robert McGough', 1);
INSERT INTO Passengers(PassengerID, Name, Sex, Age, Sibsp, Parch) VALUES (702, 'Mr. Spencer Victor Silverthorne', 'male', 35, 0, 0);
INSERT INTO Tickets(Ticket, Fare, Cabin, Embarked, Pclass, Name, PassengerID) VALUES ('PC 17475', 26.2875, 'E24', 'S', 1, 'Mr. Spencer Victor Silverthorne', 702);
INSERT INTO Survival(PassengerID, Name, Survived) VALUES ('702','Mr. Spencer Victor Silverthorne', 1);
INSERT INTO Passengers(PassengerID, Name, Sex, Age, Sibsp, Parch) VALUES (708, 'Mr. Edward Pennington Calderhead', 'male', 42, 0, 0);
INSERT INTO Tickets(Ticket, Fare, Cabin, Embarked, Pclass, Name, PassengerID) VALUES ('PC 17476', 26.2875, 'E24', 'S', 1, 'Mr. Edward Pennington Calderhead', 708);
INSERT INTO Survival(PassengerID, Name, Survived) VALUES ('708','Mr. Edward Pennington Calderhead', 1);
INSERT INTO Passengers(PassengerID, Name, Sex, Age, Sibsp, Parch) VALUES (573, 'Mr. John Irwin (Irving) Flynn', 'male', 36, 0, 0);
INSERT INTO Tickets(Ticket, Fare, Cabin, Embarked, Pclass, Name, PassengerID) VALUES ('PC 17474', 26.3875, 'E25', 'S', 1, 'Mr. John Irwin (Irving) Flynn', 573);
INSERT INTO Survival(PassengerID, Name, Survived) VALUES ('573','Mr. John Irwin (Irving) Flynn', 1);
INSERT INTO Passengers(PassengerID, Name, Sex, Age, Sibsp, Parch) VALUES (457, 'Mr. Francis Davis Millet', 'male', 65, 0, 0);
INSERT INTO Tickets(Ticket, Fare, Cabin, Embarked, Pclass, Name, PassengerID) VALUES ('13509', 26.55, 'E38', 'S', 1, 'Mr. Francis Davis Millet', 457);
INSERT INTO Survival(PassengerID, Name, Survived) VALUES ('457','Mr. Francis Davis Millet', 0);
INSERT INTO Passengers(PassengerID, Name, Sex, Age, Sibsp, Parch) VALUES (461, 'Mr. Harry Anderson', 'male', 48, 0, 0);
INSERT INTO Tickets(Ticket, Fare, Cabin, Embarked, Pclass, Name, PassengerID) VALUES ('19952', 26.55, 'E12', 'S', 1, 'Mr. Harry Anderson', 461);
INSERT INTO Survival(PassengerID, Name, Survived) VALUES ('461','Mr. Harry Anderson', 1);
INSERT INTO Passengers(PassengerID, Name, Sex, Age, Sibsp, Parch) VALUES (431, 'Mr. Mauritz Hakan Bjornstrom-Steffansson', 'male', 28, 0, 0);
INSERT INTO Tickets(Ticket, Fare, Cabin, Embarked, Pclass, Name, PassengerID) VALUES ('110564', 26.55, 'C52', 'S', 1, 'Mr. Mauritz Hakan Bjornstrom-Steffansson', 431);
INSERT INTO Survival(PassengerID, Name, Survived) VALUES ('431','Mr. Mauritz Hakan Bjornstrom-Steffansson', 1);
INSERT INTO Passengers(PassengerID, Name, Sex, Age, Sibsp, Parch) VALUES (537, 'Major. Archibald Willingham Butt', 'male', 45, 0, 0);
INSERT INTO Tickets(Ticket, Fare, Cabin, Embarked, Pclass, Name, PassengerID) VALUES ('113050', 26.55, 'B38', 'S', 1, 'Major. Archibald Willingham Butt', 537);
INSERT INTO Survival(PassengerID, Name, Survived) VALUES ('537','Major. Archibald Willingham Butt', 0);
INSERT INTO Passengers(PassengerID, Name, Sex, Age, Sibsp, Parch) VALUES (858, 'Mr. Peter Denis  Daly', 'male', 51, 0, 0);
INSERT INTO Tickets(Ticket, Fare, Cabin, Embarked, Pclass, Name, PassengerID) VALUES ('113055', 26.55, 'E17', 'S', 1, 'Mr. Peter Denis  Daly', 858);
INSERT INTO Survival(PassengerID, Name, Survived) VALUES ('858','Mr. Peter Denis  Daly', 1);
INSERT INTO Passengers(PassengerID, Name, Sex, Age, Sibsp, Parch) VALUES (253, 'Mr. William Thomas Stead', 'male', 62, 0, 0);
INSERT INTO Tickets(Ticket, Fare, Cabin, Embarked, Pclass, Name, PassengerID) VALUES ('113514', 26.55, 'C87', 'S', 1, 'Mr. William Thomas Stead', 253);
INSERT INTO Survival(PassengerID, Name, Survived) VALUES ('253','Mr. William Thomas Stead', 0);
INSERT INTO Passengers(PassengerID, Name, Sex, Age, Sibsp, Parch) VALUES (12, 'Miss. Elizabeth Bonnell', 'female', 58, 0, 0);
INSERT INTO Tickets(Ticket, Fare, Cabin, Embarked, Pclass, Name, PassengerID) VALUES ('113783', 26.55, 'C103', 'S', 1, 'Miss. Elizabeth Bonnell', 12);
INSERT INTO Survival(PassengerID, Name, Survived) VALUES ('12','Miss. Elizabeth Bonnell', 1);
INSERT INTO Passengers(PassengerID, Name, Sex, Age, Sibsp, Parch) VALUES (195, 'Mrs. James Joseph (Margaret Tobin) Brown', 'female', 44, 0, 0);
INSERT INTO Tickets(Ticket, Fare, Cabin, Embarked, Pclass, Name, PassengerID) VALUES ('PC 17610', 27.7208, 'B4', 'C', 1, 'Mrs. James Joseph (Margaret Tobin) Brown', 195);
INSERT INTO Survival(PassengerID, Name, Survived) VALUES ('195','Mrs. James Joseph (Margaret Tobin) Brown', 1);
INSERT INTO Passengers(PassengerID, Name, Sex, Age, Sibsp, Parch) VALUES (453, 'Mr. Benjamin Laventall Foreman', 'male', 30, 0, 0);
INSERT INTO Tickets(Ticket, Fare, Cabin, Embarked, Pclass, Name, PassengerID) VALUES ('113051', 27.75, 'C111', 'C', 1, 'Mr. Benjamin Laventall Foreman', 453);
INSERT INTO Survival(PassengerID, Name, Survived) VALUES ('453','Mr. Benjamin Laventall Foreman', 0);
INSERT INTO Passengers(PassengerID, Name, Sex, Age, Sibsp, Parch) VALUES (332, 'Mr. Austen Partner', 'male', 45.5, 0, 0);
INSERT INTO Tickets(Ticket, Fare, Cabin, Embarked, Pclass, Name, PassengerID) VALUES ('113043', 28.5, 'C124', 'S', 1, 'Mr. Austen Partner', 332);
INSERT INTO Survival(PassengerID, Name, Survived) VALUES ('332','Mr. Austen Partner', 0);
INSERT INTO Passengers(PassengerID, Name, Sex, Age, Sibsp, Parch) VALUES (178, 'Miss. Ann Elizabeth Isham', 'female', 50, 0, 0);
INSERT INTO Tickets(Ticket, Fare, Cabin, Embarked, Pclass, Name, PassengerID) VALUES ('PC 17595', 28.7125, 'C49', 'C', 1, 'Miss. Ann Elizabeth Isham', 178);
INSERT INTO Survival(PassengerID, Name, Survived) VALUES ('178','Miss. Ann Elizabeth Isham', 0);
INSERT INTO Passengers(PassengerID, Name, Sex, Age, Sibsp, Parch) VALUES (488, 'Mr. Edward Austin Kent', 'male', 58, 0, 0);
INSERT INTO Tickets(Ticket, Fare, Cabin, Embarked, Pclass, Name, PassengerID) VALUES ('11771', 29.7, 'B37', 'C', 1, 'Mr. Edward Austin Kent', 488);
INSERT INTO Survival(PassengerID, Name, Survived) VALUES ('488','Mr. Edward Austin Kent', 0);
INSERT INTO Passengers(PassengerID, Name, Sex, Age, Sibsp, Parch) VALUES (274, 'Mr. Charles H Natsch', 'male', 37, 0, 1);
INSERT INTO Tickets(Ticket, Fare, Cabin, Embarked, Pclass, Name, PassengerID) VALUES ('PC 17596', 29.7, 'C118', 'C', 1, 'Mr. Charles H Natsch', 274);
INSERT INTO Survival(PassengerID, Name, Survived) VALUES ('274','Mr. Charles H Natsch', 0);
INSERT INTO Passengers(PassengerID, Name, Sex, Age, Sibsp, Parch) VALUES (631, 'Mr. Algernon Henry Wilson Barkworth', 'male', 80, 0, 0);
INSERT INTO Tickets(Ticket, Fare, Cabin, Embarked, Pclass, Name, PassengerID) VALUES ('27042', 30, 'A23', 'S', 1, 'Mr. Algernon Henry Wilson Barkworth', 631);
INSERT INTO Survival(PassengerID, Name, Survived) VALUES ('631','Mr. Algernon Henry Wilson Barkworth', 1);
INSERT INTO Passengers(PassengerID, Name, Sex, Age, Sibsp, Parch) VALUES (890, 'Mr. Karl Howell Behr', 'male', 26, 0, 0);
INSERT INTO Tickets(Ticket, Fare, Cabin, Embarked, Pclass, Name, PassengerID) VALUES ('111369', 30, 'C148', 'C', 1, 'Mr. Karl Howell Behr', 890);
INSERT INTO Survival(PassengerID, Name, Survived) VALUES ('890','Mr. Karl Howell Behr', 1);
INSERT INTO Passengers(PassengerID, Name, Sex, Age, Sibsp, Parch) VALUES (888, 'Miss. Margaret Edith Graham', 'female', 19, 0, 0);
INSERT INTO Tickets(Ticket, Fare, Cabin, Embarked, Pclass, Name, PassengerID) VALUES ('112053', 30, 'B42', 'S', 1, 'Miss. Margaret Edith Graham', 888);
INSERT INTO Survival(PassengerID, Name, Survived) VALUES ('888','Miss. Margaret Edith Graham', 1);
INSERT INTO Passengers(PassengerID, Name, Sex, Age, Sibsp, Parch) VALUES (783, 'Mr. Milton Clyde Long', 'male', 29, 0, 0);
INSERT INTO Tickets(Ticket, Fare, Cabin, Embarked, Pclass, Name, PassengerID) VALUES ('113501', 30, 'D6', 'S', 1, 'Mr. Milton Clyde Long', 783);
INSERT INTO Survival(PassengerID, Name, Survived) VALUES ('783','Mr. Milton Clyde Long', 0);
INSERT INTO Passengers(PassengerID, Name, Sex, Age, Sibsp, Parch) VALUES (633, 'Dr. Max Stahelin-Maeglin', 'male', 32, 0, 0);
INSERT INTO Tickets(Ticket, Fare, Cabin, Embarked, Pclass, Name, PassengerID) VALUES ('13214', 30.5, 'B50', 'C', 1, 'Dr. Max Stahelin-Maeglin', 633);
INSERT INTO Survival(PassengerID, Name, Survived) VALUES ('633','Dr. Max Stahelin-Maeglin', 1);
INSERT INTO Passengers(PassengerID, Name, Sex, Age, Sibsp, Parch) VALUES (450, 'Major. Arthur Godfrey Peuchen', 'male', 52, 0, 0);
INSERT INTO Tickets(Ticket, Fare, Cabin, Embarked, Pclass, Name, PassengerID) VALUES ('113786', 30.5, 'C104', 'S', 1, 'Major. Arthur Godfrey Peuchen', 450);
INSERT INTO Survival(PassengerID, Name, Survived) VALUES ('450','Major. Arthur Godfrey Peuchen', 1);
INSERT INTO Passengers(PassengerID, Name, Sex, Age, Sibsp, Parch) VALUES (493, 'Mr. Harry Markland Molson', 'male', 55, 0, 0);
INSERT INTO Tickets(Ticket, Fare, Cabin, Embarked, Pclass, Name, PassengerID) VALUES ('113787', 30.5, 'C30', 'S', 1, 'Mr. Harry Markland Molson', 493);
INSERT INTO Survival(PassengerID, Name, Survived) VALUES ('493','Mr. Harry Markland Molson', 0);
INSERT INTO Passengers(PassengerID, Name, Sex, Age, Sibsp, Parch) VALUES (175, 'Mr. James Clinch Smith', 'male', 56, 0, 0);
INSERT INTO Tickets(Ticket, Fare, Cabin, Embarked, Pclass, Name, PassengerID) VALUES ('17764', 30.6958, 'A7', 'C', 1, 'Mr. James Clinch Smith', 175);
INSERT INTO Survival(PassengerID, Name, Survived) VALUES ('175','Mr. James Clinch Smith', 0);
INSERT INTO Passengers(PassengerID, Name, Sex, Age, Sibsp, Parch) VALUES (210, 'Mr. Henry Blank', 'male', 40, 0, 0);
INSERT INTO Tickets(Ticket, Fare, Cabin, Embarked, Pclass, Name, PassengerID) VALUES ('112277', 31, 'A31', 'C', 1, 'Mr. Henry Blank', 210);
INSERT INTO Survival(PassengerID, Name, Survived) VALUES ('210','Mr. Henry Blank', 1);
INSERT INTO Passengers(PassengerID, Name, Sex, Age, Sibsp, Parch) VALUES (626, 'Mr. Frederick Sutton', 'male', 61, 0, 0);
INSERT INTO Tickets(Ticket, Fare, Cabin, Embarked, Pclass, Name, PassengerID) VALUES ('36963', 32.3208, 'D50', 'S', 1, 'Mr. Frederick Sutton', 626);
INSERT INTO Survival(PassengerID, Name, Survived) VALUES ('626','Mr. Frederick Sutton', 0);
INSERT INTO Passengers(PassengerID, Name, Sex, Age, Sibsp, Parch) VALUES (171, 'Mr. Wyckoff Van der hoef', 'male', 61, 0, 0);
INSERT INTO Tickets(Ticket, Fare, Cabin, Embarked, Pclass, Name, PassengerID) VALUES ('111240', 33.5, 'B19', 'S', 1, 'Mr. Wyckoff Van der hoef', 171);
INSERT INTO Survival(PassengerID, Name, Survived) VALUES ('171','Mr. Wyckoff Van der hoef', 0);
INSERT INTO Passengers(PassengerID, Name, Sex, Age, Sibsp, Parch) VALUES (516, 'Mr. William Anderson Walker', 'male', 47, 0, 0);
INSERT INTO Tickets(Ticket, Fare, Cabin, Embarked, Pclass, Name, PassengerID) VALUES ('36967', 34.0208, 'D46', 'S', 1, 'Mr. William Anderson Walker', 516);
INSERT INTO Survival(PassengerID, Name, Survived) VALUES ('516','Mr. William Anderson Walker', 0);
INSERT INTO Passengers(PassengerID, Name, Sex, Age, Sibsp, Parch) VALUES (97, 'Mr. George B Goldschmidt', 'male', 71, 0, 0);
INSERT INTO Tickets(Ticket, Fare, Cabin, Embarked, Pclass, Name, PassengerID) VALUES ('PC 17754', 34.6542, 'A5', 'C', 1, 'Mr. George B Goldschmidt', 97);
INSERT INTO Survival(PassengerID, Name, Survived) VALUES ('97','Mr. George B Goldschmidt', 0);
INSERT INTO Passengers(PassengerID, Name, Sex, Age, Sibsp, Parch) VALUES (648, 'Col. Oberst Alfons Simonius-Blumer', 'male', 56, 0, 0);
INSERT INTO Tickets(Ticket, Fare, Cabin, Embarked, Pclass, Name, PassengerID) VALUES ('13213', 35.5, 'A26', 'C', 1, 'Col. Oberst Alfons Simonius-Blumer', 648);
INSERT INTO Survival(PassengerID, Name, Survived) VALUES ('648','Col. Oberst Alfons Simonius-Blumer', 1);
INSERT INTO Passengers(PassengerID, Name, Sex, Age, Sibsp, Parch) VALUES (340, 'Mr. Stephen Weart Blackwell', 'male', 45, 0, 0);
INSERT INTO Tickets(Ticket, Fare, Cabin, Embarked, Pclass, Name, PassengerID) VALUES ('113784', 35.5, 'T', 'S', 1, 'Mr. Stephen Weart Blackwell', 340);
INSERT INTO Survival(PassengerID, Name, Survived) VALUES ('340','Mr. Stephen Weart Blackwell', 0);
INSERT INTO Passengers(PassengerID, Name, Sex, Age, Sibsp, Parch) VALUES (24, 'Mr. William Thompson Sloper', 'male', 28, 0, 0);
INSERT INTO Tickets(Ticket, Fare, Cabin, Embarked, Pclass, Name, PassengerID) VALUES ('113788', 35.5, 'A6', 'S', 1, 'Mr. William Thompson Sloper', 24);
INSERT INTO Survival(PassengerID, Name, Survived) VALUES ('24','Mr. William Thompson Sloper', 1);
INSERT INTO Passengers(PassengerID, Name, Sex, Age, Sibsp, Parch) VALUES (463, 'Mr. Arthur H Gee', 'male', 47, 0, 0);
INSERT INTO Tickets(Ticket, Fare, Cabin, Embarked, Pclass, Name, PassengerID) VALUES ('111320', 38.5, 'E63', 'S', 1, 'Mr. Arthur H Gee', 463);
INSERT INTO Survival(PassengerID, Name, Survived) VALUES ('463','Mr. Arthur H Gee', 0);
INSERT INTO Passengers(PassengerID, Name, Sex, Age, Sibsp, Parch) VALUES (184, 'Master. Richard F Becker', 'male', 1, 2, 1);
INSERT INTO Tickets(Ticket, Fare, Cabin, Embarked, Pclass, Name, PassengerID) VALUES ('230136', 39, 'F4', 'S', 2, 'Master. Richard F Becker', 184);
INSERT INTO Survival(PassengerID, Name, Survived) VALUES ('184','Master. Richard F Becker', 1);
INSERT INTO Passengers(PassengerID, Name, Sex, Age, Sibsp, Parch) VALUES (619, 'Miss. Marion Louise Becker', 'female', 4, 2, 1);
INSERT INTO Tickets(Ticket, Fare, Cabin, Embarked, Pclass, Name, PassengerID) VALUES ('230136', 39, 'F4', 'S', 2, 'Miss. Marion Louise Becker', 619);
INSERT INTO Survival(PassengerID, Name, Survived) VALUES ('619','Miss. Marion Louise Becker', 1);
INSERT INTO Passengers(PassengerID, Name, Sex, Age, Sibsp, Parch) VALUES (854, 'Miss. Mary Conover Lines', 'female', 16, 0, 1);
INSERT INTO Tickets(Ticket, Fare, Cabin, Embarked, Pclass, Name, PassengerID) VALUES ('PC 17592', 39.4, 'D28', 'S', 1, 'Miss. Mary Conover Lines', 854);
INSERT INTO Survival(PassengerID, Name, Survived) VALUES ('854','Miss. Mary Conover Lines', 1);
INSERT INTO Passengers(PassengerID, Name, Sex, Age, Sibsp, Parch) VALUES (557, 'Lady. (Lucille Christiana Sutherland) (Mrs Morgan) Duff Gordon', 'female', 48, 1, 0);
INSERT INTO Tickets(Ticket, Fare, Cabin, Embarked, Pclass, Name, PassengerID) VALUES ('11755', 39.6, 'A16', 'C', 1, 'Lady. (Lucille Christiana Sutherland) (Mrs Morgan) Duff Gordon', 557);
INSERT INTO Survival(PassengerID, Name, Survived) VALUES ('557','Lady. (Lucille Christiana Sutherland) (Mrs Morgan) Duff Gordon', 1);
INSERT INTO Passengers(PassengerID, Name, Sex, Age, Sibsp, Parch) VALUES (584, 'Mr. John Hugo Ross', 'male', 36, 0, 0);
INSERT INTO Tickets(Ticket, Fare, Cabin, Embarked, Pclass, Name, PassengerID) VALUES ('13049', 40.125, 'A10', 'C', 1, 'Mr. John Hugo Ross', 584);
INSERT INTO Survival(PassengerID, Name, Survived) VALUES ('584','Mr. John Hugo Ross', 0);
INSERT INTO Passengers(PassengerID, Name, Sex, Age, Sibsp, Parch) VALUES (540, 'Miss. Hedwig Margaritha Frolicher', 'female', 22, 0, 2);
INSERT INTO Tickets(Ticket, Fare, Cabin, Embarked, Pclass, Name, PassengerID) VALUES ('13568', 49.5, 'B39', 'C', 1, 'Miss. Hedwig Margaritha Frolicher', 540);
INSERT INTO Survival(PassengerID, Name, Survived) VALUES ('540','Miss. Hedwig Margaritha Frolicher', 1);
INSERT INTO Passengers(PassengerID, Name, Sex, Age, Sibsp, Parch) VALUES (711, 'Mlle. Berthe Antonine (Mrs de Villiers) Mayne', 'female', 24, 0, 0);
INSERT INTO Tickets(Ticket, Fare, Cabin, Embarked, Pclass, Name, PassengerID) VALUES ('PC 17482', 49.5042, 'C90', 'C', 1, 'Mlle. Berthe Antonine (Mrs de Villiers) Mayne', 711);
INSERT INTO Survival(PassengerID, Name, Survived) VALUES ('711','Mlle. Berthe Antonine (Mrs de Villiers) Mayne', 1);
INSERT INTO Passengers(PassengerID, Name, Sex, Age, Sibsp, Parch) VALUES (868, 'Mr. Washington Augustus II Roebling', 'male', 31, 0, 0);
INSERT INTO Tickets(Ticket, Fare, Cabin, Embarked, Pclass, Name, PassengerID) VALUES ('PC 17590', 50.4958, 'A24', 'S', 1, 'Mr. Washington Augustus II Roebling', 868);
INSERT INTO Survival(PassengerID, Name, Survived) VALUES ('868','Mr. Washington Augustus II Roebling', 0);
INSERT INTO Passengers(PassengerID, Name, Sex, Age, Sibsp, Parch) VALUES (572, 'Mrs. Edward Dale (Charlotte Lamson) Appleton', 'female', 53, 2, 0);
INSERT INTO Tickets(Ticket, Fare, Cabin, Embarked, Pclass, Name, PassengerID) VALUES ('11769', 51.4792, 'C101', 'S', 1, 'Mrs. Edward Dale (Charlotte Lamson) Appleton', 572);
INSERT INTO Survival(PassengerID, Name, Survived) VALUES ('572','Mrs. Edward Dale (Charlotte Lamson) Appleton', 1);
INSERT INTO Passengers(PassengerID, Name, Sex, Age, Sibsp, Parch) VALUES (7, 'Mr. Timothy J McCarthy', 'male', 54, 0, 0);
INSERT INTO Tickets(Ticket, Fare, Cabin, Embarked, Pclass, Name, PassengerID) VALUES ('17463', 51.8625, 'E46', 'S', 1, 'Mr. Timothy J McCarthy', 7);
INSERT INTO Survival(PassengerID, Name, Survived) VALUES ('7','Mr. Timothy J McCarthy', 0);
INSERT INTO Passengers(PassengerID, Name, Sex, Age, Sibsp, Parch) VALUES (713, 'Mr. Elmer Zebley Taylor', 'male', 48, 1, 0);
INSERT INTO Tickets(Ticket, Fare, Cabin, Embarked, Pclass, Name, PassengerID) VALUES ('19996', 52, 'C126', 'S', 1, 'Mr. Elmer Zebley Taylor', 713);
INSERT INTO Survival(PassengerID, Name, Survived) VALUES ('713','Mr. Elmer Zebley Taylor', 1);
INSERT INTO Passengers(PassengerID, Name, Sex, Age, Sibsp, Parch) VALUES (111, 'Mr. Walter Chamberlain Porter', 'male', 47, 0, 0);
INSERT INTO Tickets(Ticket, Fare, Cabin, Embarked, Pclass, Name, PassengerID) VALUES ('110465', 52, 'C110', 'S', 1, 'Mr. Walter Chamberlain Porter', 111);
INSERT INTO Survival(PassengerID, Name, Survived) VALUES ('111','Mr. Walter Chamberlain Porter', 0);
INSERT INTO Passengers(PassengerID, Name, Sex, Age, Sibsp, Parch) VALUES (672, 'Mr. Thornton Davidson', 'male', 31, 1, 0);
INSERT INTO Tickets(Ticket, Fare, Cabin, Embarked, Pclass, Name, PassengerID) VALUES ('F.C. 12750', 52, 'B71', 'S', 1, 'Mr. Thornton Davidson', 672);
INSERT INTO Survival(PassengerID, Name, Survived) VALUES ('672','Mr. Thornton Davidson', 0);
INSERT INTO Passengers(PassengerID, Name, Sex, Age, Sibsp, Parch) VALUES (249, 'Mr. Richard Leonard Beckwith', 'male', 37, 1, 1);
INSERT INTO Tickets(Ticket, Fare, Cabin, Embarked, Pclass, Name, PassengerID) VALUES ('11751', 52.5542, 'D35', 'S', 1, 'Mr. Richard Leonard Beckwith', 249);
INSERT INTO Survival(PassengerID, Name, Survived) VALUES ('249','Mr. Richard Leonard Beckwith', 1);
INSERT INTO Passengers(PassengerID, Name, Sex, Age, Sibsp, Parch) VALUES (872, 'Mrs. Richard Leonard (Sallie Monypeny) Beckwith', 'female', 47, 1, 1);
INSERT INTO Tickets(Ticket, Fare, Cabin, Embarked, Pclass, Name, PassengerID) VALUES ('11751', 52.5542, 'D35', 'S', 1, 'Mrs. Richard Leonard (Sallie Monypeny) Beckwith', 872);
INSERT INTO Survival(PassengerID, Name, Survived) VALUES ('872','Mrs. Richard Leonard (Sallie Monypeny) Beckwith', 1);
INSERT INTO Passengers(PassengerID, Name, Sex, Age, Sibsp, Parch) VALUES (622, 'Mr. Edwin Nelson Jr Kimball', 'male', 42, 1, 0);
INSERT INTO Tickets(Ticket, Fare, Cabin, Embarked, Pclass, Name, PassengerID) VALUES ('11753', 52.5542, 'D19', 'S', 1, 'Mr. Edwin Nelson Jr Kimball', 622);
INSERT INTO Survival(PassengerID, Name, Survived) VALUES ('622','Mr. Edwin Nelson Jr Kimball', 1);
INSERT INTO Passengers(PassengerID, Name, Sex, Age, Sibsp, Parch) VALUES (749, 'Mr. Daniel Warner Marvin', 'male', 19, 1, 0);
INSERT INTO Tickets(Ticket, Fare, Cabin, Embarked, Pclass, Name, PassengerID) VALUES ('113773', 53.1, 'D30', 'S', 1, 'Mr. Daniel Warner Marvin', 749);
INSERT INTO Survival(PassengerID, Name, Survived) VALUES ('749','Mr. Daniel Warner Marvin', 0);
INSERT INTO Passengers(PassengerID, Name, Sex, Age, Sibsp, Parch) VALUES (4, 'Mrs. Jacques Heath (Lily May Peel) Futrelle', 'female', 35, 1, 0);
INSERT INTO Tickets(Ticket, Fare, Cabin, Embarked, Pclass, Name, PassengerID) VALUES ('113803', 53.1, 'C123', 'S', 1, 'Mrs. Jacques Heath (Lily May Peel) Futrelle', 4);
INSERT INTO Survival(PassengerID, Name, Survived) VALUES ('4','Mrs. Jacques Heath (Lily May Peel) Futrelle', 1);
INSERT INTO Passengers(PassengerID, Name, Sex, Age, Sibsp, Parch) VALUES (138, 'Mr. Jacques Heath Futrelle', 'male', 37, 1, 0);
INSERT INTO Tickets(Ticket, Fare, Cabin, Embarked, Pclass, Name, PassengerID) VALUES ('113803', 53.1, 'C123', 'S', 1, 'Mr. Jacques Heath Futrelle', 138);
INSERT INTO Survival(PassengerID, Name, Survived) VALUES ('138','Mr. Jacques Heath Futrelle', 0);
INSERT INTO Passengers(PassengerID, Name, Sex, Age, Sibsp, Parch) VALUES (725, 'Mr. Norman Campbell Chambers', 'male', 27, 1, 0);
INSERT INTO Tickets(Ticket, Fare, Cabin, Embarked, Pclass, Name, PassengerID) VALUES ('113806', 53.1, 'E8', 'S', 1, 'Mr. Norman Campbell Chambers', 725);
INSERT INTO Survival(PassengerID, Name, Survived) VALUES ('725','Mr. Norman Campbell Chambers', 1);
INSERT INTO Passengers(PassengerID, Name, Sex, Age, Sibsp, Parch) VALUES (810, 'Mrs. Norman Campbell (Bertha Griggs) Chambers', 'female', 33, 1, 0);
INSERT INTO Tickets(Ticket, Fare, Cabin, Embarked, Pclass, Name, PassengerID) VALUES ('113806', 53.1, 'E8', 'S', 1, 'Mrs. Norman Campbell (Bertha Griggs) Chambers', 810);
INSERT INTO Survival(PassengerID, Name, Survived) VALUES ('810','Mrs. Norman Campbell (Bertha Griggs) Chambers', 1);
INSERT INTO Passengers(PassengerID, Name, Sex, Age, Sibsp, Parch) VALUES (357, 'Miss. Elsie Edith Bowerman', 'female', 22, 0, 1);
INSERT INTO Tickets(Ticket, Fare, Cabin, Embarked, Pclass, Name, PassengerID) VALUES ('113505', 55, 'E33', 'S', 1, 'Miss. Elsie Edith Bowerman', 357);
INSERT INTO Survival(PassengerID, Name, Survived) VALUES ('357','Miss. Elsie Edith Bowerman', 1);
INSERT INTO Passengers(PassengerID, Name, Sex, Age, Sibsp, Parch) VALUES (371, 'Mr. George Achilles Harder', 'male', 25, 1, 0);
INSERT INTO Tickets(Ticket, Fare, Cabin, Embarked, Pclass, Name, PassengerID) VALUES ('11765', 55.4417, 'E50', 'C', 1, 'Mr. George Achilles Harder', 371);
INSERT INTO Survival(PassengerID, Name, Survived) VALUES ('371','Mr. George Achilles Harder', 1);
INSERT INTO Passengers(PassengerID, Name, Sex, Age, Sibsp, Parch) VALUES (578, 'Mrs. William Baird (Alice Munger) Silvey', 'female', 39, 1, 0);
INSERT INTO Tickets(Ticket, Fare, Cabin, Embarked, Pclass, Name, PassengerID) VALUES ('13507', 55.9, 'E44', 'S', 1, 'Mrs. William Baird (Alice Munger) Silvey', 578);
INSERT INTO Survival(PassengerID, Name, Survived) VALUES ('578','Mrs. William Baird (Alice Munger) Silvey', 1);
INSERT INTO Passengers(PassengerID, Name, Sex, Age, Sibsp, Parch) VALUES (435, 'Mr. William Baird Silvey', 'male', 50, 1, 0);
INSERT INTO Tickets(Ticket, Fare, Cabin, Embarked, Pclass, Name, PassengerID) VALUES ('13507', 55.9, 'E44', 'S', 1, 'Mr. William Baird Silvey', 435);
INSERT INTO Survival(PassengerID, Name, Survived) VALUES ('435','Mr. William Baird Silvey', 0);
INSERT INTO Passengers(PassengerID, Name, Sex, Age, Sibsp, Parch) VALUES (310, 'Miss. Laura Mabel Francatelli', 'female', 30, 0, 0);
INSERT INTO Tickets(Ticket, Fare, Cabin, Embarked, Pclass, Name, PassengerID) VALUES ('PC 17485', 56.9292, 'E36', 'C', 1, 'Miss. Laura Mabel Francatelli', 310);
INSERT INTO Survival(PassengerID, Name, Survived) VALUES ('310','Miss. Laura Mabel Francatelli', 1);
INSERT INTO Passengers(PassengerID, Name, Sex, Age, Sibsp, Parch) VALUES (600, 'Sir. Cosmo Edmund (Mr Morgan) Duff Gordon', 'male', 49, 1, 0);
INSERT INTO Tickets(Ticket, Fare, Cabin, Embarked, Pclass, Name, PassengerID) VALUES ('PC 17485', 56.9292, 'A20', 'C', 1, 'Sir. Cosmo Edmund (Mr Morgan) Duff Gordon', 600);
INSERT INTO Survival(PassengerID, Name, Survived) VALUES ('600','Sir. Cosmo Edmund (Mr Morgan) Duff Gordon', 1);
INSERT INTO Passengers(PassengerID, Name, Sex, Age, Sibsp, Parch) VALUES (782, 'Mrs. Albert Adrian (Vera Gillespie) Dick', 'female', 17, 1, 0);
INSERT INTO Tickets(Ticket, Fare, Cabin, Embarked, Pclass, Name, PassengerID) VALUES ('17474', 57, 'B20', 'S', 1, 'Mrs. Albert Adrian (Vera Gillespie) Dick', 782);
INSERT INTO Survival(PassengerID, Name, Survived) VALUES ('782','Mrs. Albert Adrian (Vera Gillespie) Dick', 1);
INSERT INTO Passengers(PassengerID, Name, Sex, Age, Sibsp, Parch) VALUES (691, 'Mr. Albert Adrian Dick', 'male', 31, 1, 0);
INSERT INTO Tickets(Ticket, Fare, Cabin, Embarked, Pclass, Name, PassengerID) VALUES ('17474', 57, 'B20', 'S', 1, 'Mr. Albert Adrian Dick', 691);
INSERT INTO Survival(PassengerID, Name, Survived) VALUES ('691','Mr. Albert Adrian Dick', 1);
INSERT INTO Passengers(PassengerID, Name, Sex, Age, Sibsp, Parch) VALUES (330, 'Miss. Jean Gertrude Hippach', 'female', 16, 0, 1);
INSERT INTO Tickets(Ticket, Fare, Cabin, Embarked, Pclass, Name, PassengerID) VALUES ('111361', 57.9792, 'B18', 'C', 1, 'Miss. Jean Gertrude Hippach', 330);
INSERT INTO Survival(PassengerID, Name, Survived) VALUES ('330','Miss. Jean Gertrude Hippach', 1);
INSERT INTO Passengers(PassengerID, Name, Sex, Age, Sibsp, Parch) VALUES (524, 'Mrs. Louis Albert (Ida Sophia Fischer) Hippach', 'female', 44, 0, 1);
INSERT INTO Tickets(Ticket, Fare, Cabin, Embarked, Pclass, Name, PassengerID) VALUES ('111361', 57.9792, 'B18', 'C', 1, 'Mrs. Louis Albert (Ida Sophia Fischer) Hippach', 524);
INSERT INTO Survival(PassengerID, Name, Survived) VALUES ('524','Mrs. Louis Albert (Ida Sophia Fischer) Hippach', 1);
INSERT INTO Passengers(PassengerID, Name, Sex, Age, Sibsp, Parch) VALUES (93, 'Mr. Herbert Fuller Chaffee', 'male', 46, 1, 0);
INSERT INTO Tickets(Ticket, Fare, Cabin, Embarked, Pclass, Name, PassengerID) VALUES ('W.E.P. 5734', 61.175, 'E31', 'S', 1, 'Mr. Herbert Fuller Chaffee', 93);
INSERT INTO Survival(PassengerID, Name, Survived) VALUES ('93','Mr. Herbert Fuller Chaffee', 0);
INSERT INTO Passengers(PassengerID, Name, Sex, Age, Sibsp, Parch) VALUES (55, 'Mr. Engelhart Cornelius Ostby', 'male', 65, 0, 1);
INSERT INTO Tickets(Ticket, Fare, Cabin, Embarked, Pclass, Name, PassengerID) VALUES ('113509', 61.9792, 'B30', 'C', 1, 'Mr. Engelhart Cornelius Ostby', 55);
INSERT INTO Survival(PassengerID, Name, Survived) VALUES ('55','Mr. Engelhart Cornelius Ostby', 0);
INSERT INTO Passengers(PassengerID, Name, Sex, Age, Sibsp, Parch) VALUES (98, 'Mr. William Bertram Greenfield', 'male', 23, 0, 1);
INSERT INTO Tickets(Ticket, Fare, Cabin, Embarked, Pclass, Name, PassengerID) VALUES ('PC 17759', 63.3583, 'D10 D12', 'C', 1, 'Mr. William Bertram Greenfield', 98);
INSERT INTO Survival(PassengerID, Name, Survived) VALUES ('98','Mr. William Bertram Greenfield', 1);
INSERT INTO Passengers(PassengerID, Name, Sex, Age, Sibsp, Parch) VALUES (152, 'Mrs. Thomas (Edith Wearne) Pears', 'female', 22, 1, 0);
INSERT INTO Tickets(Ticket, Fare, Cabin, Embarked, Pclass, Name, PassengerID) VALUES ('113776', 66.6, 'C2', 'S', 1, 'Mrs. Thomas (Edith Wearne) Pears', 152);
INSERT INTO Survival(PassengerID, Name, Survived) VALUES ('152','Mrs. Thomas (Edith Wearne) Pears', 1);
INSERT INTO Passengers(PassengerID, Name, Sex, Age, Sibsp, Parch) VALUES (337, 'Mr. Thomas Clinton Pears', 'male', 29, 1, 0);
INSERT INTO Tickets(Ticket, Fare, Cabin, Embarked, Pclass, Name, PassengerID) VALUES ('113776', 66.6, 'C2', 'S', 1, 'Mr. Thomas Clinton Pears', 337);
INSERT INTO Survival(PassengerID, Name, Survived) VALUES ('337','Mr. Thomas Clinton Pears', 0);
INSERT INTO Passengers(PassengerID, Name, Sex, Age, Sibsp, Parch) VALUES (370, 'Mme. Leontine Pauline Aubart', 'female', 24, 0, 0);
INSERT INTO Tickets(Ticket, Fare, Cabin, Embarked, Pclass, Name, PassengerID) VALUES ('PC 17477', 69.3, 'B35', 'C', 1, 'Mme. Leontine Pauline Aubart', 370);
INSERT INTO Survival(PassengerID, Name, Survived) VALUES ('370','Mme. Leontine Pauline Aubart', 1);
INSERT INTO Passengers(PassengerID, Name, Sex, Age, Sibsp, Parch) VALUES (642, 'Mlle. Emma Sagesser', 'female', 24, 0, 0);
INSERT INTO Tickets(Ticket, Fare, Cabin, Embarked, Pclass, Name, PassengerID) VALUES ('PC 17477', 69.3, 'B35', 'C', 1, 'Mlle. Emma Sagesser', 642);
INSERT INTO Survival(PassengerID, Name, Survived) VALUES ('642','Mlle. Emma Sagesser', 1);
INSERT INTO Passengers(PassengerID, Name, Sex, Age, Sibsp, Parch) VALUES (541, 'Miss. Harriet R Crosby', 'female', 36, 0, 2);
INSERT INTO Tickets(Ticket, Fare, Cabin, Embarked, Pclass, Name, PassengerID) VALUES ('WE/P 5735', 71, 'B22', 'S', 1, 'Miss. Harriet R Crosby', 541);
INSERT INTO Survival(PassengerID, Name, Survived) VALUES ('541','Miss. Harriet R Crosby', 1);
INSERT INTO Passengers(PassengerID, Name, Sex, Age, Sibsp, Parch) VALUES (746, 'Capt. Edward Gifford Crosby', 'male', 70, 1, 1);
INSERT INTO Tickets(Ticket, Fare, Cabin, Embarked, Pclass, Name, PassengerID) VALUES ('WE/P 5735', 71, 'B22', 'S', 1, 'Capt. Edward Gifford Crosby', 746);
INSERT INTO Survival(PassengerID, Name, Survived) VALUES ('746','Capt. Edward Gifford Crosby', 0);
INSERT INTO Passengers(PassengerID, Name, Sex, Age, Sibsp, Parch) VALUES (2, 'Mrs. John Bradley (Florence Briggs Thayer) Cumings', 'female', 38, 1, 0);
INSERT INTO Tickets(Ticket, Fare, Cabin, Embarked, Pclass, Name, PassengerID) VALUES ('PC 17599', 71.2833, 'C85', 'C', 1, 'Mrs. John Bradley (Florence Briggs Thayer) Cumings', 2);
INSERT INTO Survival(PassengerID, Name, Survived) VALUES ('2','Mrs. John Bradley (Florence Briggs Thayer) Cumings', 1);
INSERT INTO Passengers(PassengerID, Name, Sex, Age, Sibsp, Parch) VALUES (367, 'Mrs. Frank Manley (Anna Sophia Atkinson) Warren', 'female', 60, 1, 0);
INSERT INTO Tickets(Ticket, Fare, Cabin, Embarked, Pclass, Name, PassengerID) VALUES ('110813', 75.25, 'D37', 'C', 1, 'Mrs. Frank Manley (Anna Sophia Atkinson) Warren', 367);
INSERT INTO Survival(PassengerID, Name, Survived) VALUES ('367','Mrs. Frank Manley (Anna Sophia Atkinson) Warren', 1);
INSERT INTO Passengers(PassengerID, Name, Sex, Age, Sibsp, Parch) VALUES (219, 'Miss. Albina Bazzani', 'female', 32, 0, 0);
INSERT INTO Tickets(Ticket, Fare, Cabin, Embarked, Pclass, Name, PassengerID) VALUES ('11813', 76.2917, 'D15', 'C', 1, 'Miss. Albina Bazzani', 219);
INSERT INTO Survival(PassengerID, Name, Survived) VALUES ('219','Miss. Albina Bazzani', 1);
INSERT INTO Passengers(PassengerID, Name, Sex, Age, Sibsp, Parch) VALUES (682, 'Mr. Hammad Hassab', 'male', 27, 0, 0);
INSERT INTO Tickets(Ticket, Fare, Cabin, Embarked, Pclass, Name, PassengerID) VALUES ('PC 17572', 76.7292, 'D49', 'C', 1, 'Mr. Hammad Hassab', 682);
INSERT INTO Survival(PassengerID, Name, Survived) VALUES ('682','Mr. Hammad Hassab', 1);
INSERT INTO Passengers(PassengerID, Name, Sex, Age, Sibsp, Parch) VALUES (646, 'Mr. Henry Sleeper Harper', 'male', 48, 1, 0);
INSERT INTO Tickets(Ticket, Fare, Cabin, Embarked, Pclass, Name, PassengerID) VALUES ('PC 17572', 76.7292, 'D33', 'C', 1, 'Mr. Henry Sleeper Harper', 646);
INSERT INTO Survival(PassengerID, Name, Survived) VALUES ('646','Mr. Henry Sleeper Harper', 1);
INSERT INTO Passengers(PassengerID, Name, Sex, Age, Sibsp, Parch) VALUES (53, 'Mrs. Henry Sleeper (Myna Haxtun) Harper', 'female', 49, 1, 0);
INSERT INTO Tickets(Ticket, Fare, Cabin, Embarked, Pclass, Name, PassengerID) VALUES ('PC 17572', 76.7292, 'D33', 'C', 1, 'Mrs. Henry Sleeper (Myna Haxtun) Harper', 53);
INSERT INTO Survival(PassengerID, Name, Survived) VALUES ('53','Mrs. Henry Sleeper (Myna Haxtun) Harper', 1);
INSERT INTO Passengers(PassengerID, Name, Sex, Age, Sibsp, Parch) VALUES (103, 'Mr. Richard Frasar White', 'male', 21, 0, 1);
INSERT INTO Tickets(Ticket, Fare, Cabin, Embarked, Pclass, Name, PassengerID) VALUES ('35281', 77.2875, 'D26', 'S', 1, 'Mr. Richard Frasar White', 103);
INSERT INTO Survival(PassengerID, Name, Survived) VALUES ('103','Mr. Richard Frasar White', 0);
INSERT INTO Passengers(PassengerID, Name, Sex, Age, Sibsp, Parch) VALUES (125, 'Mr. Percival Wayland White', 'male', 54, 0, 1);
INSERT INTO Tickets(Ticket, Fare, Cabin, Embarked, Pclass, Name, PassengerID) VALUES ('35281', 77.2875, 'D26', 'S', 1, 'Mr. Percival Wayland White', 125);
INSERT INTO Survival(PassengerID, Name, Survived) VALUES ('125','Mr. Percival Wayland White', 0);
INSERT INTO Passengers(PassengerID, Name, Sex, Age, Sibsp, Parch) VALUES (628, 'Miss. Gretchen Fiske Longley', 'female', 21, 0, 0);
INSERT INTO Tickets(Ticket, Fare, Cabin, Embarked, Pclass, Name, PassengerID) VALUES ('13502', 77.9583, 'D9', 'S', 1, 'Miss. Gretchen Fiske Longley', 628);
INSERT INTO Survival(PassengerID, Name, Survived) VALUES ('628','Miss. Gretchen Fiske Longley', 1);
INSERT INTO Passengers(PassengerID, Name, Sex, Age, Sibsp, Parch) VALUES (766, 'Mrs. John C (Anna Andrews) Hogeboom', 'female', 51, 1, 0);
INSERT INTO Tickets(Ticket, Fare, Cabin, Embarked, Pclass, Name, PassengerID) VALUES ('13502', 77.9583, 'D11', 'S', 1, 'Mrs. John C (Anna Andrews) Hogeboom', 766);
INSERT INTO Survival(PassengerID, Name, Survived) VALUES ('766','Mrs. John C (Anna Andrews) Hogeboom', 1);
INSERT INTO Passengers(PassengerID, Name, Sex, Age, Sibsp, Parch) VALUES (276, 'Miss. Kornelia Theodosia Andrews', 'female', 63, 1, 0);
INSERT INTO Tickets(Ticket, Fare, Cabin, Embarked, Pclass, Name, PassengerID) VALUES ('13502', 77.9583, 'D7', 'S', 1, 'Miss. Kornelia Theodosia Andrews', 276);
INSERT INTO Survival(PassengerID, Name, Survived) VALUES ('276','Miss. Kornelia Theodosia Andrews', 1);
INSERT INTO Passengers(PassengerID, Name, Sex, Age, Sibsp, Parch) VALUES (592, 'Mrs. Walter Bertram (Martha Eustis) Stephenson', 'female', 52, 1, 0);
INSERT INTO Tickets(Ticket, Fare, Cabin, Embarked, Pclass, Name, PassengerID) VALUES ('36947', 78.2667, 'D20', 'C', 1, 'Mrs. Walter Bertram (Martha Eustis) Stephenson', 592);
INSERT INTO Survival(PassengerID, Name, Survived) VALUES ('592','Mrs. Walter Bertram (Martha Eustis) Stephenson', 1);
INSERT INTO Passengers(PassengerID, Name, Sex, Age, Sibsp, Parch) VALUES (497, 'Miss. Elizabeth Mussey Eustis', 'female', 54, 1, 0);
INSERT INTO Tickets(Ticket, Fare, Cabin, Embarked, Pclass, Name, PassengerID) VALUES ('36947', 78.2667, 'D20', 'C', 1, 'Miss. Elizabeth Mussey Eustis', 497);
INSERT INTO Survival(PassengerID, Name, Survived) VALUES ('497','Miss. Elizabeth Mussey Eustis', 1);
INSERT INTO Passengers(PassengerID, Name, Sex, Age, Sibsp, Parch) VALUES (742, 'Mr. Tyrell William Cavendish', 'male', 36, 1, 0);
INSERT INTO Tickets(Ticket, Fare, Cabin, Embarked, Pclass, Name, PassengerID) VALUES ('19877', 78.85, 'C46', 'S', 1, 'Mr. Tyrell William Cavendish', 742);
INSERT INTO Survival(PassengerID, Name, Survived) VALUES ('742','Mr. Tyrell William Cavendish', 0);
INSERT INTO Passengers(PassengerID, Name, Sex, Age, Sibsp, Parch) VALUES (588, 'Mr. Maxmillian Frolicher-Stehli', 'male', 60, 1, 1);
INSERT INTO Tickets(Ticket, Fare, Cabin, Embarked, Pclass, Name, PassengerID) VALUES ('13567', 79.2, 'B41', 'C', 1, 'Mr. Maxmillian Frolicher-Stehli', 588);
INSERT INTO Survival(PassengerID, Name, Survived) VALUES ('588','Mr. Maxmillian Frolicher-Stehli', 1);
INSERT INTO Passengers(PassengerID, Name, Sex, Age, Sibsp, Parch) VALUES (140, 'Mr. Victor Giglio', 'male', 24, 0, 0);
INSERT INTO Tickets(Ticket, Fare, Cabin, Embarked, Pclass, Name, PassengerID) VALUES ('PC 17593', 79.2, 'B86', 'C', 1, 'Mr. Victor Giglio', 140);
INSERT INTO Survival(PassengerID, Name, Survived) VALUES ('140','Mr. Victor Giglio', 0);
INSERT INTO Passengers(PassengerID, Name, Sex, Age, Sibsp, Parch) VALUES (790, 'Mr. Benjamin Guggenheim', 'male', 46, 0, 0);
INSERT INTO Tickets(Ticket, Fare, Cabin, Embarked, Pclass, Name, PassengerID) VALUES ('PC 17593', 79.2, 'B82 B84', 'C', 1, 'Mr. Benjamin Guggenheim', 790);
INSERT INTO Survival(PassengerID, Name, Survived) VALUES ('790','Mr. Benjamin Guggenheim', 0);
INSERT INTO Passengers(PassengerID, Name, Sex, Age, Sibsp, Parch) VALUES (586, 'Miss. Ruth Taussig', 'female', 18, 0, 2);
INSERT INTO Tickets(Ticket, Fare, Cabin, Embarked, Pclass, Name, PassengerID) VALUES ('110413', 79.65, 'E68', 'S', 1, 'Miss. Ruth Taussig', 586);
INSERT INTO Survival(PassengerID, Name, Survived) VALUES ('586','Miss. Ruth Taussig', 1);
INSERT INTO Passengers(PassengerID, Name, Sex, Age, Sibsp, Parch) VALUES (559, 'Mrs. Emil (Tillie Mandelbaum) Taussig', 'female', 39, 1, 1);
INSERT INTO Tickets(Ticket, Fare, Cabin, Embarked, Pclass, Name, PassengerID) VALUES ('110413', 79.65, 'E67', 'S', 1, 'Mrs. Emil (Tillie Mandelbaum) Taussig', 559);
INSERT INTO Survival(PassengerID, Name, Survived) VALUES ('559','Mrs. Emil (Tillie Mandelbaum) Taussig', 1);
INSERT INTO Passengers(PassengerID, Name, Sex, Age, Sibsp, Parch) VALUES (263, 'Mr. Emil Taussig', 'male', 52, 1, 1);
INSERT INTO Tickets(Ticket, Fare, Cabin, Embarked, Pclass, Name, PassengerID) VALUES ('110413', 79.65, 'E67', 'S', 1, 'Mr. Emil Taussig', 263);
INSERT INTO Survival(PassengerID, Name, Survived) VALUES ('263','Mr. Emil Taussig', 0);
INSERT INTO Passengers(PassengerID, Name, Sex, Age, Sibsp, Parch) VALUES (446, 'Master. Washington Dodge', 'male', 4, 0, 2);
INSERT INTO Tickets(Ticket, Fare, Cabin, Embarked, Pclass, Name, PassengerID) VALUES ('33638', 81.8583, 'A34', 'S', 1, 'Master. Washington Dodge', 446);
INSERT INTO Survival(PassengerID, Name, Survived) VALUES ('446','Master. Washington Dodge', 1);
INSERT INTO Passengers(PassengerID, Name, Sex, Age, Sibsp, Parch) VALUES (311, 'Miss. Margaret Bechstein Hays', 'female', 24, 0, 0);
INSERT INTO Tickets(Ticket, Fare, Cabin, Embarked, Pclass, Name, PassengerID) VALUES ('11767', 83.1583, 'C54', 'C', 1, 'Miss. Margaret Bechstein Hays', 311);
INSERT INTO Survival(PassengerID, Name, Survived) VALUES ('311','Miss. Margaret Bechstein Hays', 1);
INSERT INTO Passengers(PassengerID, Name, Sex, Age, Sibsp, Parch) VALUES (880, 'Mrs. Thomas Jr (Lily Alexenia Wilson) Potter', 'female', 56, 0, 1);
INSERT INTO Tickets(Ticket, Fare, Cabin, Embarked, Pclass, Name, PassengerID) VALUES ('11767', 83.1583, 'C50', 'C', 1, 'Mrs. Thomas Jr (Lily Alexenia Wilson) Potter', 880);
INSERT INTO Survival(PassengerID, Name, Survived) VALUES ('880','Mrs. Thomas Jr (Lily Alexenia Wilson) Potter', 1);
INSERT INTO Passengers(PassengerID, Name, Sex, Age, Sibsp, Parch) VALUES (836, 'Miss. Sara Rebecca Compton', 'female', 39, 1, 1);
INSERT INTO Tickets(Ticket, Fare, Cabin, Embarked, Pclass, Name, PassengerID) VALUES ('PC 17756', 83.1583, 'E49', 'C', 1, 'Miss. Sara Rebecca Compton', 836);
INSERT INTO Survival(PassengerID, Name, Survived) VALUES ('836','Miss. Sara Rebecca Compton', 1);
INSERT INTO Passengers(PassengerID, Name, Sex, Age, Sibsp, Parch) VALUES (231, 'Mrs. Henry Birkhardt (Irene Wallach) Harris', 'female', 35, 1, 0);
INSERT INTO Tickets(Ticket, Fare, Cabin, Embarked, Pclass, Name, PassengerID) VALUES ('36973', 83.475, 'C83', 'S', 1, 'Mrs. Henry Birkhardt (Irene Wallach) Harris', 231);
INSERT INTO Survival(PassengerID, Name, Survived) VALUES ('231','Mrs. Henry Birkhardt (Irene Wallach) Harris', 1);
INSERT INTO Passengers(PassengerID, Name, Sex, Age, Sibsp, Parch) VALUES (63, 'Mr. Henry Birkhardt Harris', 'male', 45, 1, 0);
INSERT INTO Tickets(Ticket, Fare, Cabin, Embarked, Pclass, Name, PassengerID) VALUES ('36973', 83.475, 'C83', 'S', 1, 'Mr. Henry Birkhardt Harris', 63);
INSERT INTO Survival(PassengerID, Name, Survived) VALUES ('63','Mr. Henry Birkhardt Harris', 0);
INSERT INTO Passengers(PassengerID, Name, Sex, Age, Sibsp, Parch) VALUES (505, 'Miss. Roberta Maioni', 'female', 16, 0, 0);
INSERT INTO Tickets(Ticket, Fare, Cabin, Embarked, Pclass, Name, PassengerID) VALUES ('110152', 86.5, 'B79', 'S', 1, 'Miss. Roberta Maioni', 505);
INSERT INTO Survival(PassengerID, Name, Survived) VALUES ('505','Miss. Roberta Maioni', 1);
INSERT INTO Passengers(PassengerID, Name, Sex, Age, Sibsp, Parch) VALUES (258, 'Miss. Gladys Cherry', 'female', 30, 0, 0);
INSERT INTO Tickets(Ticket, Fare, Cabin, Embarked, Pclass, Name, PassengerID) VALUES ('110152', 86.5, 'B77', 'S', 1, 'Miss. Gladys Cherry', 258);
INSERT INTO Survival(PassengerID, Name, Survived) VALUES ('258','Miss. Gladys Cherry', 1);
INSERT INTO Passengers(PassengerID, Name, Sex, Age, Sibsp, Parch) VALUES (760, 'the Countess. of (Lucy Noel Martha Dyer-Edwards) Rothes', 'female', 33, 0, 0);
INSERT INTO Tickets(Ticket, Fare, Cabin, Embarked, Pclass, Name, PassengerID) VALUES ('110152', 86.5, 'B77', 'S', 1, 'the Countess. of (Lucy Noel Martha Dyer-Edwards) Rothes', 760);
INSERT INTO Survival(PassengerID, Name, Survived) VALUES ('760','the Countess. of (Lucy Noel Martha Dyer-Edwards) Rothes', 1);
INSERT INTO Passengers(PassengerID, Name, Sex, Age, Sibsp, Parch) VALUES (454, 'Mr. Samuel L Goldenberg', 'male', 49, 1, 0);
INSERT INTO Tickets(Ticket, Fare, Cabin, Embarked, Pclass, Name, PassengerID) VALUES ('17453', 89.1042, 'C92', 'C', 1, 'Mr. Samuel L Goldenberg', 454);
INSERT INTO Survival(PassengerID, Name, Survived) VALUES ('454','Mr. Samuel L Goldenberg', 1);
INSERT INTO Passengers(PassengerID, Name, Sex, Age, Sibsp, Parch) VALUES (413, 'Miss. Daisy E Minahan', 'female', 33, 1, 0);
INSERT INTO Tickets(Ticket, Fare, Cabin, Embarked, Pclass, Name, PassengerID) VALUES ('19928', 90, 'C78', 'Q', 1, 'Miss. Daisy E Minahan', 413);
INSERT INTO Survival(PassengerID, Name, Survived) VALUES ('413','Miss. Daisy E Minahan', 1);
INSERT INTO Passengers(PassengerID, Name, Sex, Age, Sibsp, Parch) VALUES (246, 'Dr. William Edward Minahan', 'male', 44, 2, 0);
INSERT INTO Tickets(Ticket, Fare, Cabin, Embarked, Pclass, Name, PassengerID) VALUES ('19928', 90, 'C78', 'Q', 1, 'Dr. William Edward Minahan', 246);
INSERT INTO Survival(PassengerID, Name, Survived) VALUES ('246','Dr. William Edward Minahan', 0);
INSERT INTO Passengers(PassengerID, Name, Sex, Age, Sibsp, Parch) VALUES (487, 'Mrs. Frederick Maxfield (Jane Anne Forby) Hoyt', 'female', 35, 1, 0);
INSERT INTO Tickets(Ticket, Fare, Cabin, Embarked, Pclass, Name, PassengerID) VALUES ('19943', 90, 'C93', 'S', 1, 'Mrs. Frederick Maxfield (Jane Anne Forby) Hoyt', 487);
INSERT INTO Survival(PassengerID, Name, Survived) VALUES ('487','Mrs. Frederick Maxfield (Jane Anne Forby) Hoyt', 1);
INSERT INTO Passengers(PassengerID, Name, Sex, Age, Sibsp, Parch) VALUES (225, 'Mr. Frederick Maxfield Hoyt', 'male', 38, 1, 0);
INSERT INTO Tickets(Ticket, Fare, Cabin, Embarked, Pclass, Name, PassengerID) VALUES ('19943', 90, 'C93', 'S', 1, 'Mr. Frederick Maxfield Hoyt', 225);
INSERT INTO Survival(PassengerID, Name, Survived) VALUES ('225','Mr. Frederick Maxfield Hoyt', 1);
INSERT INTO Passengers(PassengerID, Name, Sex, Age, Sibsp, Parch) VALUES (292, 'Mrs. Dickinson H (Helen Walton) Bishop', 'female', 19, 1, 0);
INSERT INTO Tickets(Ticket, Fare, Cabin, Embarked, Pclass, Name, PassengerID) VALUES ('11967', 91.0792, 'B49', 'C', 1, 'Mrs. Dickinson H (Helen Walton) Bishop', 292);
INSERT INTO Survival(PassengerID, Name, Survived) VALUES ('292','Mrs. Dickinson H (Helen Walton) Bishop', 1);
INSERT INTO Passengers(PassengerID, Name, Sex, Age, Sibsp, Parch) VALUES (485, 'Mr. Dickinson H Bishop', 'male', 25, 1, 0);
INSERT INTO Tickets(Ticket, Fare, Cabin, Embarked, Pclass, Name, PassengerID) VALUES ('11967', 91.0792, 'B49', 'C', 1, 'Mr. Dickinson H Bishop', 485);
INSERT INTO Survival(PassengerID, Name, Survived) VALUES ('485','Mr. Dickinson H Bishop', 1);
INSERT INTO Passengers(PassengerID, Name, Sex, Age, Sibsp, Parch) VALUES (521, 'Miss. Anne Perreault', 'female', 30, 0, 0);
INSERT INTO Tickets(Ticket, Fare, Cabin, Embarked, Pclass, Name, PassengerID) VALUES ('12749', 93.5, 'B73', 'S', 1, 'Miss. Anne Perreault', 521);
INSERT INTO Survival(PassengerID, Name, Survived) VALUES ('521','Miss. Anne Perreault', 1);
INSERT INTO Passengers(PassengerID, Name, Sex, Age, Sibsp, Parch) VALUES (821, 'Mrs. Charles Melville (Clara Jennings Gregg) Hays', 'female', 52, 1, 1);
INSERT INTO Tickets(Ticket, Fare, Cabin, Embarked, Pclass, Name, PassengerID) VALUES ('12749', 93.5, 'B69', 'S', 1, 'Mrs. Charles Melville (Clara Jennings Gregg) Hays', 821);
INSERT INTO Survival(PassengerID, Name, Survived) VALUES ('821','Mrs. Charles Melville (Clara Jennings Gregg) Hays', 1);
INSERT INTO Passengers(PassengerID, Name, Sex, Age, Sibsp, Parch) VALUES (545, 'Mr. Walter Donald Douglas', 'male', 50, 1, 0);
INSERT INTO Tickets(Ticket, Fare, Cabin, Embarked, Pclass, Name, PassengerID) VALUES ('PC 17761', 106.425, 'C86', 'C', 1, 'Mr. Walter Donald Douglas', 545);
INSERT INTO Survival(PassengerID, Name, Survived) VALUES ('545','Mr. Walter Donald Douglas', 0);
INSERT INTO Passengers(PassengerID, Name, Sex, Age, Sibsp, Parch) VALUES (308, 'Mrs. Victor de Satode (Maria Josefa Perez de Soto y Vallejo) Penasco y Castellana', 'female', 17, 1, 0);
INSERT INTO Tickets(Ticket, Fare, Cabin, Embarked, Pclass, Name, PassengerID) VALUES ('PC 17758', 108.9, 'C65', 'C', 1, 'Mrs. Victor de Satode (Maria Josefa Perez de Soto y Vallejo) Penasco y Castellana', 308);
INSERT INTO Survival(PassengerID, Name, Survived) VALUES ('308','Mrs. Victor de Satode (Maria Josefa Perez de Soto y Vallejo) Penasco y Castellana', 1);
INSERT INTO Passengers(PassengerID, Name, Sex, Age, Sibsp, Parch) VALUES (506, 'Mr. Victor de Satode Penasco y Castellana', 'male', 18, 1, 0);
INSERT INTO Tickets(Ticket, Fare, Cabin, Embarked, Pclass, Name, PassengerID) VALUES ('PC 17758', 108.9, 'C65', 'C', 1, 'Mr. Victor de Satode Penasco y Castellana', 506);
INSERT INTO Survival(PassengerID, Name, Survived) VALUES ('506','Mr. Victor de Satode Penasco y Castellana', 0);
INSERT INTO Passengers(PassengerID, Name, Sex, Age, Sibsp, Parch) VALUES (551, 'Mr. John Borland Jr Thayer', 'male', 17, 0, 2);
INSERT INTO Tickets(Ticket, Fare, Cabin, Embarked, Pclass, Name, PassengerID) VALUES ('17421', 110.8833, 'C70', 'C', 1, 'Mr. John Borland Jr Thayer', 551);
INSERT INTO Survival(PassengerID, Name, Survived) VALUES ('551','Mr. John Borland Jr Thayer', 1);
INSERT INTO Passengers(PassengerID, Name, Sex, Age, Sibsp, Parch) VALUES (582, 'Mrs. John Borland (Marian Longstreth Morris) Thayer', 'female', 39, 1, 1);
INSERT INTO Tickets(Ticket, Fare, Cabin, Embarked, Pclass, Name, PassengerID) VALUES ('17421', 110.8833, 'C68', 'C', 1, 'Mrs. John Borland (Marian Longstreth Morris) Thayer', 582);
INSERT INTO Survival(PassengerID, Name, Survived) VALUES ('582','Mrs. John Borland (Marian Longstreth Morris) Thayer', 1);
INSERT INTO Passengers(PassengerID, Name, Sex, Age, Sibsp, Parch) VALUES (699, 'Mr. John Borland Thayer', 'male', 49, 1, 1);
INSERT INTO Tickets(Ticket, Fare, Cabin, Embarked, Pclass, Name, PassengerID) VALUES ('17421', 110.8833, 'C68', 'C', 1, 'Mr. John Borland Thayer', 699);
INSERT INTO Survival(PassengerID, Name, Survived) VALUES ('699','Mr. John Borland Thayer', 0);
INSERT INTO Passengers(PassengerID, Name, Sex, Age, Sibsp, Parch) VALUES (394, 'Miss. Marjorie Newell', 'female', 23, 1, 0);
INSERT INTO Tickets(Ticket, Fare, Cabin, Embarked, Pclass, Name, PassengerID) VALUES ('35273', 113.275, 'D36', 'C', 1, 'Miss. Marjorie Newell', 394);
INSERT INTO Survival(PassengerID, Name, Survived) VALUES ('394','Miss. Marjorie Newell', 1);
INSERT INTO Passengers(PassengerID, Name, Sex, Age, Sibsp, Parch) VALUES (216, 'Miss. Madeleine Newell', 'female', 31, 1, 0);
INSERT INTO Tickets(Ticket, Fare, Cabin, Embarked, Pclass, Name, PassengerID) VALUES ('35273', 113.275, 'D36', 'C', 1, 'Miss. Madeleine Newell', 216);
INSERT INTO Survival(PassengerID, Name, Survived) VALUES ('216','Miss. Madeleine Newell', 1);
INSERT INTO Passengers(PassengerID, Name, Sex, Age, Sibsp, Parch) VALUES (660, 'Mr. Arthur Webster Newell', 'male', 58, 0, 2);
INSERT INTO Tickets(Ticket, Fare, Cabin, Embarked, Pclass, Name, PassengerID) VALUES ('35273', 113.275, 'D48', 'C', 1, 'Mr. Arthur Webster Newell', 660);
INSERT INTO Survival(PassengerID, Name, Survived) VALUES ('660','Mr. Arthur Webster Newell', 0);
INSERT INTO Passengers(PassengerID, Name, Sex, Age, Sibsp, Parch) VALUES (803, 'Master. William Thornton II Carter', 'male', 11, 1, 2);
INSERT INTO Tickets(Ticket, Fare, Cabin, Embarked, Pclass, Name, PassengerID) VALUES ('113760', 120, 'B96 B98', 'S', 1, 'Master. William Thornton II Carter', 803);
INSERT INTO Survival(PassengerID, Name, Survived) VALUES ('803','Master. William Thornton II Carter', 1);
INSERT INTO Passengers(PassengerID, Name, Sex, Age, Sibsp, Parch) VALUES (436, 'Miss. Lucile Polk Carter', 'female', 14, 1, 2);
INSERT INTO Tickets(Ticket, Fare, Cabin, Embarked, Pclass, Name, PassengerID) VALUES ('113760', 120, 'B96 B98', 'S', 1, 'Miss. Lucile Polk Carter', 436);
INSERT INTO Survival(PassengerID, Name, Survived) VALUES ('436','Miss. Lucile Polk Carter', 1);
INSERT INTO Passengers(PassengerID, Name, Sex, Age, Sibsp, Parch) VALUES (391, 'Mr. William Ernest Carter', 'male', 36, 1, 2);
INSERT INTO Tickets(Ticket, Fare, Cabin, Embarked, Pclass, Name, PassengerID) VALUES ('113760', 120, 'B96 B98', 'S', 1, 'Mr. William Ernest Carter', 391);
INSERT INTO Survival(PassengerID, Name, Survived) VALUES ('391','Mr. William Ernest Carter', 1);
INSERT INTO Passengers(PassengerID, Name, Sex, Age, Sibsp, Parch) VALUES (764, 'Mrs. William Ernest (Lucile Polk) Carter', 'female', 36, 1, 2);
INSERT INTO Tickets(Ticket, Fare, Cabin, Embarked, Pclass, Name, PassengerID) VALUES ('113760', 120, 'B96 B98', 'S', 1, 'Mrs. William Ernest (Lucile Polk) Carter', 764);
INSERT INTO Survival(PassengerID, Name, Survived) VALUES ('764','Mrs. William Ernest (Lucile Polk) Carter', 1);
INSERT INTO Passengers(PassengerID, Name, Sex, Age, Sibsp, Parch) VALUES (320, 'Mrs. Frederic Oakley (Margaretta Corning Stone) Spedden', 'female', 40, 1, 1);
INSERT INTO Tickets(Ticket, Fare, Cabin, Embarked, Pclass, Name, PassengerID) VALUES ('16966', 134.5, 'E34', 'C', 1, 'Mrs. Frederic Oakley (Margaretta Corning Stone) Spedden', 320);
INSERT INTO Survival(PassengerID, Name, Survived) VALUES ('320','Mrs. Frederic Oakley (Margaretta Corning Stone) Spedden', 1);
INSERT INTO Passengers(PassengerID, Name, Sex, Age, Sibsp, Parch) VALUES (338, 'Miss. Elizabeth Margaret Burns', 'female', 41, 0, 0);
INSERT INTO Tickets(Ticket, Fare, Cabin, Embarked, Pclass, Name, PassengerID) VALUES ('16966', 134.5, 'E40', 'C', 1, 'Miss. Elizabeth Margaret Burns', 338);
INSERT INTO Survival(PassengerID, Name, Survived) VALUES ('338','Miss. Elizabeth Margaret Burns', 1);
INSERT INTO Passengers(PassengerID, Name, Sex, Age, Sibsp, Parch) VALUES (326, 'Miss. Marie Grice Young', 'female', 36, 0, 0);
INSERT INTO Tickets(Ticket, Fare, Cabin, Embarked, Pclass, Name, PassengerID) VALUES ('PC 17760', 135.6333, 'C32', 'C', 1, 'Miss. Marie Grice Young', 326);
INSERT INTO Survival(PassengerID, Name, Survived) VALUES ('326','Miss. Marie Grice Young', 1);
INSERT INTO Passengers(PassengerID, Name, Sex, Age, Sibsp, Parch) VALUES (270, 'Miss. Amelia Bissette', 'female', 35, 0, 0);
INSERT INTO Tickets(Ticket, Fare, Cabin, Embarked, Pclass, Name, PassengerID) VALUES ('PC 17760', 135.6333, 'C99', 'S', 1, 'Miss. Amelia Bissette', 270);
INSERT INTO Survival(PassengerID, Name, Survived) VALUES ('270','Miss. Amelia Bissette', 1);
INSERT INTO Passengers(PassengerID, Name, Sex, Age, Sibsp, Parch) VALUES (196, 'Miss. Elise Lurette', 'female', 58, 0, 0);
INSERT INTO Tickets(Ticket, Fare, Cabin, Embarked, Pclass, Name, PassengerID) VALUES ('PC 17569', 146.5208, 'B80', 'C', 1, 'Miss. Elise Lurette', 196);
INSERT INTO Survival(PassengerID, Name, Survived) VALUES ('196','Miss. Elise Lurette', 1);
INSERT INTO Passengers(PassengerID, Name, Sex, Age, Sibsp, Parch) VALUES (306, 'Master. Hudson Trevor Allison', 'male', 0.92, 1, 2);
INSERT INTO Tickets(Ticket, Fare, Cabin, Embarked, Pclass, Name, PassengerID) VALUES ('113781', 151.55, 'C22 C26', 'S', 1, 'Master. Hudson Trevor Allison', 306);
INSERT INTO Survival(PassengerID, Name, Survived) VALUES ('306','Master. Hudson Trevor Allison', 1);
INSERT INTO Passengers(PassengerID, Name, Sex, Age, Sibsp, Parch) VALUES (298, 'Miss. Helen Loraine Allison', 'female', 2, 1, 2);
INSERT INTO Tickets(Ticket, Fare, Cabin, Embarked, Pclass, Name, PassengerID) VALUES ('113781', 151.55, 'C22 C26', 'S', 1, 'Miss. Helen Loraine Allison', 298);
INSERT INTO Survival(PassengerID, Name, Survived) VALUES ('298','Miss. Helen Loraine Allison', 0);
INSERT INTO Passengers(PassengerID, Name, Sex, Age, Sibsp, Parch) VALUES (499, 'Mrs. Hudson J C (Bessie Waldo Daniels) Allison', 'female', 25, 1, 2);
INSERT INTO Tickets(Ticket, Fare, Cabin, Embarked, Pclass, Name, PassengerID) VALUES ('113781', 151.55, 'C22 C26', 'S', 1, 'Mrs. Hudson J C (Bessie Waldo Daniels) Allison', 499);
INSERT INTO Survival(PassengerID, Name, Survived) VALUES ('499','Mrs. Hudson J C (Bessie Waldo Daniels) Allison', 0);
INSERT INTO Passengers(PassengerID, Name, Sex, Age, Sibsp, Parch) VALUES (333, 'Mr. George Edward Graham', 'male', 38, 0, 1);
INSERT INTO Tickets(Ticket, Fare, Cabin, Embarked, Pclass, Name, PassengerID) VALUES ('PC 17582', 153.4625, 'C91', 'S', 1, 'Mr. George Edward Graham', 333);
INSERT INTO Survival(PassengerID, Name, Survived) VALUES ('333','Mr. George Edward Graham', 0);
INSERT INTO Passengers(PassengerID, Name, Sex, Age, Sibsp, Parch) VALUES (610, 'Miss. Elizabeth W Shutes', 'female', 40, 0, 0);
INSERT INTO Tickets(Ticket, Fare, Cabin, Embarked, Pclass, Name, PassengerID) VALUES ('PC 17582', 153.4625, 'C125', 'S', 1, 'Miss. Elizabeth W Shutes', 610);
INSERT INTO Survival(PassengerID, Name, Survived) VALUES ('610','Miss. Elizabeth W Shutes', 1);
INSERT INTO Passengers(PassengerID, Name, Sex, Age, Sibsp, Parch) VALUES (269, 'Mrs. William Thompson (Edith Junkins) Graham', 'female', 58, 0, 1);
INSERT INTO Tickets(Ticket, Fare, Cabin, Embarked, Pclass, Name, PassengerID) VALUES ('PC 17582', 153.4625, 'C125', 'S', 1, 'Mrs. William Thompson (Edith Junkins) Graham', 269);
INSERT INTO Survival(PassengerID, Name, Survived) VALUES ('269','Mrs. William Thompson (Edith Junkins) Graham', 1);
INSERT INTO Passengers(PassengerID, Name, Sex, Age, Sibsp, Parch) VALUES (319, 'Miss. Mary Natalie Wick', 'female', 31, 0, 2);
INSERT INTO Tickets(Ticket, Fare, Cabin, Embarked, Pclass, Name, PassengerID) VALUES ('36928', 164.8667, 'C7', 'S', 1, 'Miss. Mary Natalie Wick', 319);
INSERT INTO Survival(PassengerID, Name, Survived) VALUES ('319','Miss. Mary Natalie Wick', 1);
INSERT INTO Passengers(PassengerID, Name, Sex, Age, Sibsp, Parch) VALUES (690, 'Miss. Georgette Alexandra Madill', 'female', 15, 0, 1);
INSERT INTO Tickets(Ticket, Fare, Cabin, Embarked, Pclass, Name, PassengerID) VALUES ('24160', 211.3375, 'B5', 'S', 1, 'Miss. Georgette Alexandra Madill', 690);
INSERT INTO Survival(PassengerID, Name, Survived) VALUES ('690','Miss. Georgette Alexandra Madill', 1);
INSERT INTO Passengers(PassengerID, Name, Sex, Age, Sibsp, Parch) VALUES (731, 'Miss. Elisabeth Walton Allen', 'female', 29, 0, 0);
INSERT INTO Tickets(Ticket, Fare, Cabin, Embarked, Pclass, Name, PassengerID) VALUES ('24160', 211.3375, 'B5', 'S', 1, 'Miss. Elisabeth Walton Allen', 731);
INSERT INTO Survival(PassengerID, Name, Survived) VALUES ('731','Miss. Elisabeth Walton Allen', 1);
INSERT INTO Passengers(PassengerID, Name, Sex, Age, Sibsp, Parch) VALUES (780, 'Mrs. Edward Scott (Elisabeth Walton McMillan) Robert', 'female', 43, 0, 1);
INSERT INTO Tickets(Ticket, Fare, Cabin, Embarked, Pclass, Name, PassengerID) VALUES ('24160', 211.3375, 'B3', 'S', 1, 'Mrs. Edward Scott (Elisabeth Walton McMillan) Robert', 780);
INSERT INTO Survival(PassengerID, Name, Survived) VALUES ('780','Mrs. Edward Scott (Elisabeth Walton McMillan) Robert', 1);
INSERT INTO Passengers(PassengerID, Name, Sex, Age, Sibsp, Parch) VALUES (378, 'Mr. Harry Elkins Widener', 'male', 27, 0, 2);
INSERT INTO Tickets(Ticket, Fare, Cabin, Embarked, Pclass, Name, PassengerID) VALUES ('113503', 211.5, 'C82', 'C', 1, 'Mr. Harry Elkins Widener', 378);
INSERT INTO Survival(PassengerID, Name, Survived) VALUES ('378','Mr. Harry Elkins Widener', 0);
INSERT INTO Passengers(PassengerID, Name, Sex, Age, Sibsp, Parch) VALUES (701, 'Mrs. John Jacob (Madeleine Talmadge Force) Astor', 'female', 18, 1, 0);
INSERT INTO Tickets(Ticket, Fare, Cabin, Embarked, Pclass, Name, PassengerID) VALUES ('PC 17757', 227.525, 'C62 C64', 'C', 1, 'Mrs. John Jacob (Madeleine Talmadge Force) Astor', 701);
INSERT INTO Survival(PassengerID, Name, Survived) VALUES ('701','Mrs. John Jacob (Madeleine Talmadge Force) Astor', 1);
INSERT INTO Passengers(PassengerID, Name, Sex, Age, Sibsp, Parch) VALUES (717, 'Miss. Caroline Louise Endres', 'female', 38, 0, 0);
INSERT INTO Tickets(Ticket, Fare, Cabin, Embarked, Pclass, Name, PassengerID) VALUES ('PC 17757', 227.525, 'C45', 'C', 1, 'Miss. Caroline Louise Endres', 717);
INSERT INTO Survival(PassengerID, Name, Survived) VALUES ('717','Miss. Caroline Louise Endres', 1);
INSERT INTO Passengers(PassengerID, Name, Sex, Age, Sibsp, Parch) VALUES (119, 'Mr. Quigg Edmond Baxter', 'male', 24, 0, 1);
INSERT INTO Tickets(Ticket, Fare, Cabin, Embarked, Pclass, Name, PassengerID) VALUES ('PC 17558', 247.5208, 'B58 B60', 'C', 1, 'Mr. Quigg Edmond Baxter', 119);
INSERT INTO Survival(PassengerID, Name, Survived) VALUES ('119','Mr. Quigg Edmond Baxter', 0);
INSERT INTO Passengers(PassengerID, Name, Sex, Age, Sibsp, Parch) VALUES (300, 'Mrs. James (Helene DeLaudeniere Chaput) Baxter', 'female', 50, 0, 1);
INSERT INTO Tickets(Ticket, Fare, Cabin, Embarked, Pclass, Name, PassengerID) VALUES ('PC 17558', 247.5208, 'B58 B60', 'C', 1, 'Mrs. James (Helene DeLaudeniere Chaput) Baxter', 300);
INSERT INTO Survival(PassengerID, Name, Survived) VALUES ('300','Mrs. James (Helene DeLaudeniere Chaput) Baxter', 1);
INSERT INTO Passengers(PassengerID, Name, Sex, Age, Sibsp, Parch) VALUES (312, 'Miss. Emily Borie Ryerson', 'female', 18, 2, 2);
INSERT INTO Tickets(Ticket, Fare, Cabin, Embarked, Pclass, Name, PassengerID) VALUES ('PC 17608', 262.375, 'B57 B59 B63 B66', 'C', 1, 'Miss. Emily Borie Ryerson', 312);
INSERT INTO Survival(PassengerID, Name, Survived) VALUES ('312','Miss. Emily Borie Ryerson', 1);
INSERT INTO Passengers(PassengerID, Name, Sex, Age, Sibsp, Parch) VALUES (743, 'Miss. Susan Parker Suzette Ryerson', 'female', 21, 2, 2);
INSERT INTO Tickets(Ticket, Fare, Cabin, Embarked, Pclass, Name, PassengerID) VALUES ('PC 17608', 262.375, 'B57 B59 B63 B66', 'C', 1, 'Miss. Susan Parker Suzette Ryerson', 743);
INSERT INTO Survival(PassengerID, Name, Survived) VALUES ('743','Miss. Susan Parker Suzette Ryerson', 1);
INSERT INTO Passengers(PassengerID, Name, Sex, Age, Sibsp, Parch) VALUES (28, 'Mr. Charles Alexander Fortune', 'male', 19, 3, 2);
INSERT INTO Tickets(Ticket, Fare, Cabin, Embarked, Pclass, Name, PassengerID) VALUES ('19950', 263, 'C23 C25 C27', 'S', 1, 'Mr. Charles Alexander Fortune', 28);
INSERT INTO Survival(PassengerID, Name, Survived) VALUES ('28','Mr. Charles Alexander Fortune', 0);
INSERT INTO Passengers(PassengerID, Name, Sex, Age, Sibsp, Parch) VALUES (89, 'Miss. Mabel Helen Fortune', 'female', 23, 3, 2);
INSERT INTO Tickets(Ticket, Fare, Cabin, Embarked, Pclass, Name, PassengerID) VALUES ('19950', 263, 'C23 C25 C27', 'S', 1, 'Miss. Mabel Helen Fortune', 89);
INSERT INTO Survival(PassengerID, Name, Survived) VALUES ('89','Miss. Mabel Helen Fortune', 1);
INSERT INTO Passengers(PassengerID, Name, Sex, Age, Sibsp, Parch) VALUES (342, 'Miss. Alice Elizabeth Fortune', 'female', 24, 3, 2);
INSERT INTO Tickets(Ticket, Fare, Cabin, Embarked, Pclass, Name, PassengerID) VALUES ('19950', 263, 'C23 C25 C27', 'S', 1, 'Miss. Alice Elizabeth Fortune', 342);
INSERT INTO Survival(PassengerID, Name, Survived) VALUES ('342','Miss. Alice Elizabeth Fortune', 1);
INSERT INTO Passengers(PassengerID, Name, Sex, Age, Sibsp, Parch) VALUES (439, 'Mr. Mark Fortune', 'male', 64, 1, 4);
INSERT INTO Tickets(Ticket, Fare, Cabin, Embarked, Pclass, Name, PassengerID) VALUES ('19950', 263, 'C23 C25 C27', 'S', 1, 'Mr. Mark Fortune', 439);
INSERT INTO Survival(PassengerID, Name, Survived) VALUES ('439','Mr. Mark Fortune', 0);
INSERT INTO Passengers(PassengerID, Name, Sex, Age, Sibsp, Parch) VALUES (738, 'Mr. Gustave J Lesurer', 'male', 35, 0, 0);
INSERT INTO Tickets(Ticket, Fare, Cabin, Embarked, Pclass, Name, PassengerID) VALUES ('PC 17755', 512.3292, 'B101', 'C', 1, 'Mr. Gustave J Lesurer', 738);
INSERT INTO Survival(PassengerID, Name, Survived) VALUES ('738','Mr. Gustave J Lesurer', 1);
INSERT INTO Passengers(PassengerID, Name, Sex, Age, Sibsp, Parch) VALUES (680, 'Mr. Thomas Drake Martinez Cardeza', 'male', 36, 0, 1);
INSERT INTO Tickets(Ticket, Fare, Cabin, Embarked, Pclass, Name, PassengerID) VALUES ('PC 17755', 512.3292, 'B51 B53 B55', 'C', 1, 'Mr. Thomas Drake Martinez Cardeza', 680);
INSERT INTO Survival(PassengerID, Name, Survived) VALUES ('680','Mr. Thomas Drake Martinez Cardeza', 1);
